SF:lib\main.dart
DA:12,1
DA:13,1
DA:15,1
DA:20,1
DA:21,1
DA:30,1
DA:32,1
DA:34,1
DA:37,1
DA:38,1
LF:10
LH:10
end_of_record
SF:lib\core\animations\count_up_animation.dart
DA:11,0
DA:20,0
DA:21,0
DA:28,0
DA:30,0
DA:31,0
DA:32,0
DA:33,0
DA:35,0
DA:38,0
DA:40,0
DA:41,0
DA:42,0
DA:43,0
DA:45,0
DA:46,0
DA:50,0
DA:52,0
DA:53,0
DA:56,0
DA:57,0
DA:58,0
DA:59,0
DA:61,0
DA:63,0
DA:66,0
DA:67,0
DA:73,0
DA:75,0
DA:76,0
DA:77,0
DA:78,0
DA:79,0
DA:80,0
LF:34
LH:0
end_of_record
SF:lib\core\animations\glomea_animations.dart
DA:9,0
DA:14,0
DA:15,0
DA:16,0
DA:19,0
DA:22,0
DA:23,0
DA:24,0
DA:27,0
DA:29,0
DA:30,0
DA:33,0
DA:36,0
DA:39,0
DA:43,0
DA:44,0
DA:47,0
DA:48,0
DA:54,0
DA:55,0
DA:57,0
DA:58,0
DA:59,0
LF:23
LH:0
end_of_record
SF:lib\core\animations\micro_interactions.dart
DA:9,0
DA:16,0
DA:17,0
DA:24,0
DA:26,0
DA:27,0
DA:31,0
DA:32,0
DA:36,0
DA:38,0
DA:39,0
DA:42,0
DA:43,0
DA:44,0
DA:47,0
DA:48,0
DA:49,0
DA:52,0
DA:53,0
DA:56,0
DA:58,0
DA:59,0
DA:60,0
DA:61,0
DA:63,0
DA:64,0
DA:65,0
LF:27
LH:0
end_of_record
SF:lib\core\models\alert.dart
DA:11,0
DA:20,0
DA:22,0
DA:25,0
DA:28,0
DA:35,0
DA:36,0
DA:38,0
DA:39,0
DA:40,0
DA:41,0
LF:11
LH:0
end_of_record
SF:lib\core\theme\app_types.dart
DA:15,0
LF:1
LH:0
end_of_record
SF:lib\core\models\patient.dart
DA:15,0
DA:30,0
DA:31,0
DA:32,0
DA:33,0
DA:34,0
DA:35,0
DA:36,0
DA:37,0
DA:38,0
DA:39,0
DA:40,0
DA:41,0
DA:42,0
DA:43,0
LF:15
LH:0
end_of_record
SF:lib\core\router\app_router.dart
DA:55,3
DA:57,1
DA:58,1
DA:59,1
DA:61,1
DA:62,4
DA:64,1
DA:65,4
DA:67,2
DA:68,2
DA:76,2
DA:77,2
DA:78,2
DA:79,2
DA:87,1
DA:88,2
DA:89,2
DA:90,1
DA:91,2
DA:92,1
DA:93,1
DA:96,1
DA:97,0
DA:98,1
DA:99,1
DA:100,2
DA:102,1
DA:103,2
DA:105,1
DA:106,2
DA:108,1
DA:109,2
DA:115,1
DA:116,1
DA:117,1
DA:118,0
DA:119,1
DA:120,1
DA:121,2
DA:123,1
DA:124,2
DA:126,1
DA:127,2
DA:129,1
DA:130,2
DA:132,1
DA:133,2
DA:135,1
DA:136,2
DA:138,1
DA:139,2
DA:145,2
DA:146,2
LF:53
LH:51
end_of_record
SF:lib\core\router\go_router_refresh_stream.dart
DA:8,1
DA:9,1
DA:10,3
DA:11,2
DA:15,0
DA:17,0
DA:18,0
LF:7
LH:4
end_of_record
SF:lib\features\splash\splash_screen.dart
DA:10,1
DA:12,1
DA:13,1
DA:25,1
DA:27,1
DA:29,2
DA:34,3
DA:35,2
DA:38,3
DA:39,2
DA:42,3
DA:43,2
DA:46,4
DA:47,1
DA:48,3
DA:49,2
DA:50,4
DA:55,3
DA:56,1
DA:60,1
DA:62,2
DA:63,1
DA:66,1
DA:67,5
DA:70,1
DA:72,1
DA:74,3
DA:76,2
DA:79,1
DA:81,1
DA:82,0
DA:84,1
DA:85,0
DA:89,2
DA:94,1
DA:96,1
DA:98,1
DA:99,1
DA:101,1
DA:102,1
DA:103,1
DA:104,1
DA:105,1
DA:107,1
DA:109,1
DA:110,2
DA:111,1
DA:112,3
DA:113,3
DA:114,1
DA:116,1
DA:117,1
DA:118,1
DA:127,1
DA:129,1
DA:130,2
DA:131,2
DA:139,1
DA:140,1
DA:142,2
DA:147,4
DA:148,1
DA:149,1
DA:150,1
DA:152,2
DA:153,1
DA:156,4
DA:168,1
DA:173,1
DA:175,1
DA:176,1
DA:177,1
DA:178,1
DA:179,1
DA:181,1
DA:182,1
DA:185,1
DA:186,3
DA:187,7
DA:188,7
DA:190,2
DA:193,2
DA:194,1
DA:195,1
DA:197,2
DA:198,1
DA:199,1
DA:200,1
DA:202,1
DA:203,3
DA:204,3
DA:205,5
DA:206,5
DA:208,2
DA:212,1
DA:213,2
DA:214,3
DA:215,1
DA:219,1
DA:221,6
LF:100
LH:98
end_of_record
SF:lib\features\auth\login_screen.dart
DA:12,1
DA:14,1
DA:15,1
DA:24,0
DA:25,0
DA:26,0
DA:28,0
DA:29,0
DA:35,0
DA:37,0
DA:39,0
DA:40,0
DA:42,0
DA:44,0
DA:45,0
DA:50,1
DA:52,1
DA:54,1
DA:55,1
DA:56,1
DA:57,1
DA:58,4
DA:61,1
DA:62,1
DA:64,1
DA:66,4
DA:68,3
DA:69,4
DA:74,1
DA:76,1
DA:83,1
DA:85,1
DA:86,2
DA:87,3
DA:90,1
DA:92,1
DA:97,1
DA:99,1
DA:100,1
DA:101,1
DA:102,2
DA:103,0
DA:108,1
DA:110,1
DA:111,0
DA:112,3
DA:117,1
DA:120,1
DA:121,2
DA:122,1
DA:125,2
DA:127,1
DA:129,1
DA:131,3
DA:136,1
DA:137,1
DA:138,0
DA:139,1
DA:140,1
DA:142,2
DA:151,1
DA:152,1
DA:153,0
DA:154,1
DA:155,2
LF:65
LH:49
end_of_record
SF:lib\features\auth\register_screen.dart
DA:12,1
DA:14,0
DA:15,0
DA:32,0
DA:33,0
DA:34,0
DA:35,0
DA:36,0
DA:37,0
DA:38,0
DA:39,0
DA:40,0
DA:41,0
DA:42,0
DA:43,0
DA:44,0
DA:46,0
DA:47,0
DA:48,0
DA:53,0
DA:54,0
DA:55,0
DA:56,0
DA:60,0
DA:62,0
DA:63,0
DA:64,0
DA:65,0
DA:66,0
DA:69,0
DA:70,0
DA:73,0
DA:75,0
DA:76,0
DA:81,0
DA:83,0
DA:85,0
DA:87,0
DA:88,0
DA:89,0
DA:90,0
DA:91,0
DA:92,0
DA:93,0
DA:96,0
DA:97,0
DA:99,0
DA:101,0
DA:103,0
DA:105,0
DA:111,0
DA:113,0
DA:114,0
DA:120,0
DA:122,0
DA:123,0
DA:125,0
DA:130,0
DA:131,0
DA:132,0
DA:133,0
DA:136,0
DA:137,0
DA:141,0
DA:142,0
DA:145,0
DA:146,0
DA:153,0
DA:156,0
DA:158,0
DA:162,0
DA:164,0
DA:166,0
DA:167,0
DA:172,0
DA:174,0
DA:175,0
DA:177,0
DA:178,0
DA:179,0
DA:183,0
DA:184,0
DA:185,0
DA:186,0
DA:188,0
DA:196,0
DA:198,0
DA:200,0
DA:204,0
DA:207,0
DA:208,0
DA:210,0
DA:213,0
DA:214,0
DA:216,0
DA:218,0
DA:221,0
DA:222,0
DA:223,0
DA:224,0
DA:225,0
DA:227,0
LF:102
LH:1
end_of_record
SF:lib\features\onboarding\onboarding_screen.dart
DA:14,1
DA:16,0
DA:17,0
DA:34,0
DA:36,0
DA:37,0
DA:38,0
DA:39,0
DA:43,0
DA:44,0
DA:45,0
DA:46,0
DA:48,0
DA:52,0
DA:53,0
DA:54,0
DA:55,0
DA:59,0
DA:61,0
DA:64,0
DA:65,0
DA:66,0
DA:67,0
DA:68,0
DA:69,0
DA:70,0
DA:71,0
DA:72,0
DA:73,0
DA:76,0
DA:77,0
DA:78,0
DA:79,0
DA:80,0
DA:86,0
DA:88,0
DA:89,0
DA:90,0
DA:91,0
DA:93,0
DA:95,0
DA:97,0
DA:98,0
DA:99,0
DA:100,0
DA:104,0
DA:107,0
DA:114,0
DA:115,0
DA:116,0
DA:118,0
DA:119,0
DA:120,0
DA:121,0
DA:122,0
DA:123,0
DA:124,0
DA:125,0
DA:131,0
DA:133,0
DA:135,0
DA:136,0
DA:137,0
DA:139,0
DA:141,0
DA:144,0
DA:145,0
DA:146,0
DA:148,0
DA:150,0
DA:151,0
DA:154,0
DA:155,0
DA:156,0
DA:157,0
DA:171,0
DA:172,0
DA:174,0
DA:176,0
DA:178,0
DA:180,0
DA:182,0
DA:186,0
DA:187,0
DA:188,0
DA:190,0
DA:195,0
DA:197,0
DA:198,0
DA:199,0
DA:200,0
DA:208,0
DA:209,0
DA:210,0
DA:211,0
DA:212,0
DA:213,0
DA:215,0
DA:216,0
DA:218,0
DA:220,0
DA:221,0
DA:222,0
DA:224,0
DA:225,0
DA:226,0
DA:228,0
DA:236,0
DA:237,0
DA:239,0
DA:240,0
DA:243,0
DA:245,0
DA:247,0
DA:248,0
DA:249,0
DA:255,0
DA:256,0
DA:257,0
DA:258,0
DA:259,0
DA:261,0
DA:262,0
DA:265,0
DA:266,0
DA:267,0
DA:268,0
DA:270,0
DA:271,0
DA:272,0
DA:275,0
DA:277,0
DA:283,0
DA:290,0
DA:291,0
DA:293,0
DA:295,0
DA:298,0
DA:300,0
DA:302,0
DA:303,0
DA:304,0
DA:310,0
DA:311,0
DA:313,0
DA:315,0
DA:318,0
DA:320,0
DA:322,0
DA:323,0
DA:324,0
DA:329,0
DA:335,0
DA:336,0
DA:338,0
DA:340,0
DA:343,0
DA:345,0
DA:347,0
DA:349,0
DA:350,0
DA:354,0
DA:356,0
DA:357,0
DA:361,0
DA:362,0
DA:371,0
DA:372,0
DA:374,0
DA:375,0
DA:378,0
DA:380,0
DA:382,0
DA:383,0
DA:384,0
DA:385,0
DA:387,0
DA:389,0
DA:390,0
DA:391,0
DA:394,0
DA:403,0
DA:404,0
DA:406,0
DA:408,0
DA:409,0
DA:410,0
LF:187
LH:1
end_of_record
SF:lib\features\intro\intro_screen.dart
DA:9,1
DA:11,1
DA:12,1
DA:40,1
DA:41,5
DA:42,2
DA:47,3
DA:51,1
DA:53,1
DA:55,1
DA:56,1
DA:57,1
DA:58,1
DA:59,4
DA:60,2
DA:61,1
DA:62,2
DA:63,1
DA:65,1
DA:67,1
DA:68,1
DA:71,1
DA:72,2
DA:75,1
DA:76,1
DA:78,1
DA:81,3
DA:82,2
DA:83,3
DA:85,1
DA:86,1
DA:88,2
DA:90,3
DA:91,2
DA:92,1
DA:94,1
DA:95,1
DA:97,2
DA:102,3
DA:103,2
DA:104,1
DA:112,1
DA:116,1
DA:118,1
DA:120,1
DA:121,1
DA:122,2
DA:123,2
DA:124,1
DA:127,2
DA:128,1
DA:129,2
DA:130,1
DA:137,1
DA:138,1
DA:139,1
DA:141,1
DA:143,1
DA:144,1
DA:145,1
DA:146,1
DA:152,1
DA:154,1
DA:155,1
DA:156,5
DA:157,2
DA:163,6
DA:164,2
DA:165,1
DA:166,1
DA:183,1
LF:71
LH:71
end_of_record
SF:lib\features\auth\auth_gateway_screen.dart
DA:8,1
DA:10,0
DA:12,0
DA:14,0
DA:26,0
DA:28,0
DA:31,0
DA:34,0
DA:36,0
DA:37,0
DA:38,0
DA:39,0
DA:48,0
DA:51,0
DA:53,0
DA:54,0
DA:57,0
DA:59,0
DA:61,0
DA:66,0
DA:69,0
DA:70,0
DA:71,0
DA:74,0
DA:77,0
DA:79,0
DA:83,0
DA:86,0
DA:87,0
DA:88,0
DA:90,0
DA:92,0
DA:94,0
LF:33
LH:1
end_of_record
SF:lib\features\dashboard\dashboard_screen.dart
DA:20,0
DA:21,0
DA:22,0
DA:23,0
DA:27,0
DA:32,0
DA:33,0
DA:34,0
DA:35,0
DA:39,0
DA:40,0
DA:41,0
DA:46,0
DA:47,0
DA:49,0
DA:54,0
DA:55,0
DA:59,0
DA:63,0
DA:69,1
DA:71,0
DA:73,0
DA:74,0
DA:76,0
DA:78,0
DA:79,0
DA:80,0
DA:81,0
DA:86,0
DA:87,0
DA:88,0
DA:90,0
DA:91,0
DA:93,0
DA:95,0
DA:97,0
DA:98,0
DA:99,0
DA:100,0
DA:103,0
DA:104,0
DA:108,0
DA:113,0
DA:114,0
DA:115,0
DA:116,0
DA:125,0
DA:131,0
DA:141,0
DA:142,0
DA:143,0
DA:144,0
DA:145,0
DA:146,0
DA:148,0
DA:149,0
DA:150,0
DA:151,0
DA:159,0
DA:171,0
DA:172,0
DA:174,0
DA:175,0
DA:176,0
DA:177,0
DA:179,0
DA:183,0
DA:186,0
DA:195,0
DA:197,0
DA:198,0
DA:199,0
DA:201,0
DA:202,0
DA:204,0
DA:208,0
DA:209,0
DA:210,0
DA:213,0
DA:217,0
DA:218,0
DA:220,0
DA:227,0
DA:233,0
DA:234,0
DA:236,0
DA:237,0
DA:239,0
DA:240,0
DA:245,0
DA:246,0
DA:249,0
DA:252,0
DA:253,0
DA:256,0
DA:262,0
DA:263,0
DA:265,0
DA:268,0
DA:270,0
DA:271,0
DA:272,0
DA:273,0
DA:274,0
DA:275,0
DA:277,0
DA:279,0
DA:280,0
DA:282,0
DA:283,0
DA:284,0
DA:286,0
DA:287,0
DA:299,0
DA:302,0
DA:303,0
DA:304,0
DA:307,0
DA:309,0
DA:311,0
DA:312,0
DA:314,0
DA:315,0
DA:316,0
DA:318,0
DA:319,0
DA:322,0
DA:323,0
DA:326,0
DA:328,0
DA:329,0
DA:331,0
DA:332,0
DA:335,0
DA:340,0
DA:341,0
DA:342,0
DA:348,0
DA:349,0
DA:351,0
DA:352,0
DA:354,0
DA:363,0
DA:364,0
DA:366,0
DA:368,0
DA:369,0
DA:371,0
DA:372,0
DA:373,0
DA:377,0
DA:379,0
DA:380,0
DA:382,0
DA:383,0
DA:385,0
DA:386,0
DA:395,0
DA:404,0
DA:405,0
DA:406,0
DA:408,0
DA:409,0
DA:411,0
DA:413,0
DA:415,0
DA:419,0
DA:420,0
LF:168
LH:1
end_of_record
SF:lib\features\lab_entry\lab_entry_screen.dart
DA:10,1
DA:12,0
DA:13,0
DA:27,0
DA:29,0
DA:31,0
DA:37,0
DA:39,0
DA:40,0
DA:41,0
DA:42,0
DA:43,0
DA:45,0
DA:46,0
DA:50,0
DA:52,0
DA:54,0
DA:55,0
DA:56,0
DA:58,0
DA:59,0
DA:60,0
DA:62,0
DA:63,0
DA:66,0
DA:67,0
DA:68,0
DA:71,0
DA:72,0
DA:73,0
DA:74,0
DA:76,0
DA:85,0
DA:86,0
DA:87,0
DA:90,0
DA:92,0
DA:93,0
DA:95,0
DA:97,0
DA:98,0
DA:99,0
DA:102,0
DA:106,0
DA:110,0
DA:111,0
DA:112,0
DA:114,0
DA:116,0
DA:120,0
DA:122,0
DA:124,0
DA:125,0
DA:126,0
DA:127,0
LF:55
LH:1
end_of_record
SF:lib\features\daily_entry\daily_entry_screen.dart
DA:10,1
DA:12,0
DA:13,0
DA:22,0
DA:23,0
DA:24,0
DA:28,0
DA:30,0
DA:31,0
DA:32,0
DA:34,0
DA:35,0
DA:37,0
DA:39,0
DA:40,0
DA:41,0
DA:45,0
DA:46,0
DA:47,0
DA:51,0
DA:53,0
DA:54,0
DA:57,0
DA:67,0
DA:69,0
DA:70,0
DA:71,0
DA:73,0
DA:75,0
DA:78,0
DA:81,0
DA:82,0
DA:83,0
DA:84,0
DA:94,0
DA:96,0
DA:98,0
DA:102,0
DA:108,0
DA:111,0
DA:112,0
DA:113,0
DA:114,0
DA:123,0
DA:124,0
DA:126,0
DA:128,0
DA:129,0
DA:130,0
DA:133,0
DA:135,0
DA:136,0
DA:144,0
DA:145,0
DA:146,0
DA:147,0
DA:148,0
DA:150,0
DA:151,0
LF:59
LH:1
end_of_record
SF:lib\features\history\history_screen.dart
DA:10,1
DA:12,0
DA:13,0
DA:22,0
DA:24,0
DA:25,0
DA:26,0
DA:27,0
DA:28,0
DA:30,0
DA:32,0
DA:33,0
DA:34,0
DA:36,0
DA:37,0
DA:40,0
DA:41,0
DA:43,0
DA:52,0
DA:54,0
DA:59,0
DA:65,0
DA:70,0
DA:72,0
DA:74,0
DA:75,0
DA:76,0
DA:77,0
DA:96,0
DA:97,0
DA:100,0
DA:103,0
DA:104,0
DA:105,0
DA:106,0
DA:107,0
DA:108,0
DA:110,0
DA:112,0
DA:113,0
DA:120,0
DA:121,0
DA:123,0
DA:126,0
DA:127,0
DA:128,0
DA:129,0
DA:130,0
DA:131,0
DA:133,0
DA:134,0
DA:136,0
DA:144,0
DA:145,0
DA:146,0
DA:148,0
DA:150,0
DA:151,0
DA:153,0
DA:154,0
DA:155,0
DA:157,0
DA:163,0
DA:164,0
DA:166,0
DA:167,0
DA:168,0
DA:171,0
DA:172,0
DA:173,0
DA:174,0
DA:175,0
DA:179,0
DA:185,0
DA:186,0
DA:188,0
DA:189,0
DA:192,0
DA:193,0
DA:194,0
DA:195,0
LF:81
LH:1
end_of_record
SF:lib\features\alerts\alerts_screen.dart
DA:12,0
DA:13,0
DA:14,0
DA:15,0
DA:18,0
DA:19,0
DA:20,0
DA:21,0
DA:23,0
DA:27,1
DA:29,0
DA:30,0
DA:37,0
DA:39,0
DA:41,0
DA:42,0
DA:43,0
DA:44,0
DA:45,0
DA:46,0
DA:47,0
DA:48,0
DA:49,0
DA:50,0
DA:51,0
DA:52,0
DA:53,0
DA:54,0
DA:56,0
DA:58,0
DA:60,0
DA:62,0
DA:63,0
DA:73,0
DA:74,0
DA:76,0
DA:79,0
DA:80,0
DA:81,0
DA:82,0
DA:83,0
DA:84,0
DA:86,0
DA:87,0
DA:89,0
DA:97,0
DA:98,0
DA:100,0
DA:101,0
DA:102,0
DA:104,0
DA:106,0
DA:107,0
DA:108,0
DA:110,0
DA:112,0
DA:115,0
DA:118,0
DA:121,0
DA:123,0
DA:124,0
DA:125,0
DA:126,0
DA:127,0
DA:129,0
DA:131,0
DA:132,0
DA:133,0
DA:135,0
DA:138,0
DA:140,0
DA:142,0
DA:144,0
DA:145,0
DA:149,0
DA:153,0
DA:154,0
DA:156,0
DA:157,0
DA:159,0
LF:80
LH:1
end_of_record
SF:lib\features\profile\profile_screen.dart
DA:12,1
DA:14,0
DA:16,0
DA:18,0
DA:19,0
DA:20,0
DA:21,0
DA:23,0
DA:25,0
DA:27,0
DA:28,0
DA:30,0
DA:32,0
DA:33,0
DA:34,0
DA:35,0
DA:36,0
DA:44,0
DA:46,0
DA:47,0
DA:48,0
DA:49,0
DA:57,0
DA:59,0
DA:65,0
DA:66,0
DA:80,0
DA:81,0
DA:86,0
DA:87,0
DA:88,0
DA:91,0
DA:92,0
DA:93,0
DA:97,0
DA:99,0
DA:101,0
DA:104,0
DA:105,0
DA:115,0
DA:117,0
DA:118,0
DA:119,0
DA:120,0
DA:125,0
DA:127,0
DA:128,0
DA:129,0
DA:134,0
DA:135,0
DA:137,0
DA:138,0
DA:140,0
DA:145,0
DA:146,0
DA:148,0
DA:150,0
DA:151,0
DA:152,0
DA:158,0
DA:159,0
DA:160,0
DA:161,0
DA:167,0
DA:168,0
DA:170,0
DA:173,0
DA:174,0
DA:175,0
DA:176,0
DA:177,0
DA:178,0
LF:72
LH:1
end_of_record
SF:lib\features\admin\admin_login_screen.dart
DA:9,1
DA:11,0
DA:12,0
DA:20,0
DA:21,0
DA:22,0
DA:23,0
DA:24,0
DA:26,0
DA:27,0
DA:29,0
DA:31,0
DA:38,0
DA:40,0
DA:41,0
DA:42,0
DA:44,0
DA:46,0
DA:54,0
DA:56,0
DA:57,0
DA:78,0
DA:80,0
DA:83,0
DA:84,0
DA:86,0
DA:89,0
DA:99,0
DA:101,0
DA:102,0
DA:103,0
DA:104,0
DA:105,0
DA:106,0
DA:107,0
DA:108,0
DA:111,0
DA:114,0
DA:117,0
DA:120,0
DA:123,0
DA:124,0
DA:125,0
DA:127,0
DA:136,0
DA:137,0
DA:141,0
DA:142,0
LF:48
LH:1
end_of_record
SF:lib\features\admin\layout\admin_sidebar_layout.dart
DA:10,0
DA:15,0
DA:17,0
DA:19,0
DA:20,0
DA:21,0
DA:23,0
DA:26,0
DA:27,0
DA:36,0
DA:37,0
DA:38,0
DA:39,0
DA:40,0
DA:41,0
DA:42,0
DA:44,0
DA:47,0
DA:48,0
DA:57,0
DA:58,0
DA:60,0
DA:68,0
DA:70,0
DA:71,0
DA:73,0
DA:74,0
DA:75,0
DA:77,0
DA:78,0
DA:79,0
DA:80,0
DA:82,0
LF:33
LH:0
end_of_record
SF:lib\features\admin\admin_dashboard_screen.dart
DA:11,1
DA:13,0
DA:15,0
DA:17,0
DA:19,0
DA:20,0
DA:22,0
DA:24,0
DA:26,0
DA:27,0
DA:29,0
DA:33,0
DA:39,0
DA:40,0
DA:42,0
DA:43,0
DA:44,0
DA:49,0
DA:50,0
DA:51,0
DA:52,0
DA:54,0
DA:56,0
DA:58,0
DA:63,0
DA:64,0
DA:65,0
DA:67,0
DA:69,0
DA:70,0
DA:72,0
DA:74,0
DA:75,0
DA:77,0
DA:78,0
DA:79,0
DA:81,0
DA:82,0
DA:87,0
DA:89,0
DA:90,0
DA:91,0
DA:93,0
DA:95,0
DA:104,0
DA:105,0
DA:107,0
DA:108,0
DA:110,0
DA:111,0
DA:113,0
DA:115,0
DA:116,0
DA:118,0
DA:120,0
DA:121,0
DA:122,0
DA:126,0
DA:127,0
DA:129,0
DA:139,0
DA:140,0
DA:142,0
DA:143,0
DA:145,0
DA:146,0
DA:148,0
DA:150,0
DA:151,0
DA:152,0
DA:153,0
DA:154,0
DA:155,0
DA:162,0
DA:163,0
DA:164,0
DA:170,0
DA:171,0
DA:172,0
DA:173,0
DA:175,0
DA:180,0
DA:181,0
DA:183,0
DA:184,0
DA:186,0
DA:187,0
DA:189,0
DA:196,0
LF:89
LH:1
end_of_record
SF:lib\features\admin\user_management_screen.dart
DA:6,1
DA:8,0
DA:9,0
DA:16,0
DA:18,0
DA:19,0
DA:20,0
DA:21,0
DA:23,0
DA:25,0
DA:26,0
DA:28,0
DA:30,0
DA:32,0
DA:39,0
DA:40,0
DA:42,0
DA:43,0
DA:45,0
DA:46,0
DA:47,0
DA:50,0
DA:51,0
DA:59,0
DA:60,0
DA:61,0
DA:62,0
DA:64,0
DA:65,0
DA:70,0
DA:72,0
DA:76,0
DA:78,0
DA:80,0
DA:85,0
DA:86,0
DA:87,0
DA:88,0
DA:89,0
DA:93,0
DA:94,0
DA:95,0
DA:96,0
DA:98,0
DA:108,0
DA:113,0
DA:115,0
DA:118,0
DA:119,0
DA:120,0
DA:121,0
DA:130,0
DA:131,0
DA:133,0
DA:134,0
DA:135,0
DA:136,0
DA:137,0
DA:139,0
DA:140,0
DA:145,0
DA:146,0
DA:149,0
DA:151,0
DA:153,0
DA:157,0
DA:158,0
DA:160,0
DA:162,0
DA:164,0
DA:172,0
DA:173,0
DA:174,0
DA:175,0
DA:177,0
DA:178,0
DA:179,0
DA:188,0
DA:189,0
DA:191,0
DA:193,0
DA:194,0
DA:195,0
DA:201,0
DA:202,0
DA:204,0
DA:214,0
DA:215,0
DA:216,0
DA:217,0
DA:218,0
LF:91
LH:1
end_of_record
SF:lib\features\admin\threshold_settings_screen.dart
DA:7,1
DA:9,0
DA:10,0
DA:20,0
DA:22,0
DA:23,0
DA:26,0
DA:28,0
DA:30,0
DA:32,0
DA:33,0
DA:35,0
DA:38,0
DA:39,0
DA:52,0
DA:53,0
DA:54,0
DA:55,0
DA:63,0
DA:64,0
DA:65,0
DA:77,0
DA:78,0
DA:79,0
DA:80,0
DA:81,0
DA:82,0
DA:83,0
DA:84,0
DA:86,0
DA:87,0
DA:88,0
DA:89,0
DA:90,0
DA:91,0
DA:94,0
DA:95,0
DA:100,0
DA:101,0
DA:104,0
LF:40
LH:1
end_of_record
SF:lib\features\admin\notification_center_screen.dart
DA:6,1
DA:8,0
DA:9,0
DA:18,0
DA:20,0
DA:22,0
DA:24,0
DA:25,0
DA:27,0
DA:28,0
DA:30,0
DA:31,0
DA:39,0
DA:40,0
DA:42,0
DA:43,0
DA:45,0
DA:46,0
DA:47,0
DA:50,0
DA:55,0
DA:56,0
DA:58,0
DA:59,0
DA:61,0
DA:62,0
DA:64,0
DA:65,0
DA:66,0
DA:70,0
DA:71,0
DA:73,0
DA:74,0
DA:75,0
DA:76,0
DA:77,0
DA:85,0
DA:86,0
DA:87,0
DA:89,0
DA:90,0
DA:94,0
DA:95,0
DA:97,0
DA:101,0
DA:102,0
DA:104,0
DA:105,0
DA:108,0
DA:111,0
DA:112,0
DA:114,0
DA:116,0
DA:117,0
DA:119,0
DA:123,0
DA:125,0
DA:127,0
DA:128,0
DA:130,0
DA:140,0
DA:141,0
DA:143,0
DA:144,0
DA:146,0
DA:157,0
DA:158,0
DA:160,0
LF:68
LH:1
end_of_record
SF:lib\features\admin\admin_analytics_screen.dart
DA:7,1
DA:9,0
DA:11,0
DA:13,0
DA:15,0
DA:16,0
DA:18,0
DA:20,0
DA:26,0
DA:27,0
DA:29,0
DA:30,0
DA:32,0
DA:33,0
DA:34,0
DA:37,0
DA:38,0
DA:41,0
DA:47,0
DA:48,0
DA:49,0
DA:50,0
DA:52,0
DA:57,0
DA:58,0
DA:59,0
DA:60,0
DA:62,0
DA:67,0
DA:68,0
DA:70,0
DA:71,0
DA:73,0
DA:74,0
DA:76,0
DA:82,0
DA:83,0
DA:84,0
DA:86,0
DA:87,0
DA:88,0
DA:99,0
DA:100,0
DA:101,0
DA:102,0
DA:103,0
DA:104,0
DA:105,0
DA:108,0
DA:113,0
DA:114,0
DA:115,0
DA:117,0
DA:118,0
DA:119,0
DA:122,0
DA:130,0
DA:131,0
DA:132,0
DA:133,0
DA:134,0
DA:135,0
DA:138,0
LF:63
LH:1
end_of_record
SF:lib\features\admin\admin_settings_screen.dart
DA:5,1
DA:7,0
DA:9,0
DA:11,0
DA:13,0
DA:14,0
DA:16,0
DA:17,0
DA:18,0
DA:19,0
DA:20,0
DA:23,0
DA:24,0
DA:25,0
DA:26,0
DA:27,0
DA:32,0
DA:33,0
DA:34,0
DA:38,0
DA:41,0
DA:42,0
DA:43,0
DA:53,0
DA:54,0
DA:56,0
DA:60,0
DA:61,0
DA:63,0
DA:64,0
DA:66,0
DA:67,0
DA:75,0
DA:76,0
DA:77,0
DA:78,0
DA:79,0
DA:84,0
DA:85,0
DA:88,0
DA:89,0
DA:90,0
DA:92,0
DA:93,0
LF:44
LH:1
end_of_record
SF:lib\features\admin\staff_management_screen.dart
DA:10,1
DA:12,0
DA:13,0
DA:27,0
DA:29,0
DA:30,0
DA:33,0
DA:34,0
DA:36,0
DA:37,0
DA:39,0
DA:40,0
DA:41,0
DA:42,0
DA:45,0
DA:46,0
DA:51,0
DA:53,0
DA:55,0
DA:57,0
DA:59,0
DA:60,0
DA:62,0
DA:63,0
DA:64,0
DA:65,0
DA:66,0
DA:69,0
DA:74,0
DA:80,0
DA:81,0
DA:82,0
DA:83,0
DA:90,0
DA:91,0
DA:92,0
DA:93,0
DA:94,0
DA:95,0
DA:100,0
DA:101,0
DA:102,0
DA:103,0
DA:104,0
DA:107,0
DA:109,0
DA:110,0
DA:111,0
DA:113,0
DA:114,0
DA:115,0
DA:117,0
DA:119,0
DA:125,0
DA:127,0
DA:128,0
DA:129,0
DA:130,0
DA:131,0
DA:132,0
DA:133,0
DA:137,0
DA:144,0
DA:148,0
DA:149,0
DA:150,0
DA:151,0
DA:152,0
DA:156,0
DA:158,0
DA:159,0
DA:161,0
DA:162,0
DA:164,0
DA:165,0
DA:166,0
DA:167,0
DA:169,0
DA:173,0
DA:174,0
DA:175,0
DA:176,0
DA:177,0
DA:178,0
DA:179,0
DA:188,0
DA:189,0
DA:191,0
DA:192,0
DA:193,0
DA:195,0
DA:197,0
DA:199,0
DA:203,0
DA:204,0
DA:208,0
DA:209,0
DA:210,0
DA:211,0
DA:212,0
DA:215,0
DA:219,0
DA:220,0
LF:103
LH:1
end_of_record
SF:lib\features\admin\unauthorized_screen.dart
DA:8,2
DA:10,0
DA:12,0
DA:14,0
DA:15,0
DA:17,0
DA:20,0
DA:22,0
DA:23,0
DA:25,0
DA:26,0
DA:27,0
LF:12
LH:1
end_of_record
SF:lib\features\admin\widgets\permission_guard.dart
DA:11,1
DA:18,0
DA:20,0
DA:22,0
DA:29,0
DA:30,0
DA:31,0
DA:32,0
DA:37,0
LF:9
LH:1
end_of_record
SF:lib\core\widgets\layout\bottom_nav_shell.dart
DA:8,0
DA:13,0
DA:15,0
DA:16,0
DA:17,0
DA:18,0
DA:19,0
DA:20,0
DA:21,0
DA:27,0
DA:28,0
DA:29,0
LF:12
LH:0
end_of_record
SF:lib\core\theme\app_shadows.dart
DA:4,0
DA:17,0
DA:18,0
DA:19,0
DA:25,0
DA:26,0
DA:27,0
LF:7
LH:0
end_of_record
SF:lib\core\theme\app_text_styles.dart
DA:6,1
DA:11,3
DA:17,3
DA:23,3
DA:29,3
DA:34,3
DA:39,3
DA:45,3
DA:51,0
DA:56,0
LF:10
LH:8
end_of_record
SF:lib\core\theme\app_theme.dart
DA:7,1
DA:8,1
DA:11,1
DA:21,1
DA:22,1
DA:23,1
DA:24,1
DA:25,1
DA:26,1
DA:27,1
DA:36,1
DA:40,1
LF:12
LH:12
end_of_record
SF:lib\core\widgets\cards\glass_card.dart
DA:13,0
DA:21,0
DA:23,0
DA:24,0
DA:25,0
DA:26,0
DA:27,0
DA:28,0
DA:30,0
DA:31,0
DA:32,0
DA:33,0
DA:34,0
DA:35,0
DA:36,0
DA:37,0
DA:38,0
DA:39,0
DA:40,0
DA:44,0
LF:20
LH:0
end_of_record
SF:lib\core\widgets\cards\status_card.dart
DA:22,0
DA:34,0
DA:35,0
DA:36,0
DA:37,0
DA:38,0
DA:42,0
DA:43,0
DA:44,0
DA:45,0
DA:46,0
DA:50,0
DA:52,0
DA:53,0
DA:55,0
DA:56,0
DA:57,0
DA:58,0
DA:61,0
DA:63,0
DA:65,0
DA:66,0
DA:68,0
DA:69,0
DA:70,0
DA:71,0
DA:74,0
DA:75,0
DA:78,0
DA:79,0
DA:81,0
DA:82,0
DA:83,0
DA:84,0
DA:90,0
DA:91,0
DA:92,0
DA:93,0
DA:94,0
DA:95,0
DA:98,0
DA:99,0
DA:100,0
DA:101,0
DA:109,0
DA:110,0
DA:111,0
DA:112,0
DA:115,0
DA:118,0
DA:119,0
DA:120,0
DA:122,0
DA:125,0
DA:131,0
DA:138,0
DA:140,0
DA:141,0
DA:142,0
DA:149,0
DA:150,0
DA:151,0
DA:159,0
DA:160,0
DA:161,0
DA:162,0
DA:163,0
DA:164,0
DA:165,0
DA:168,0
DA:169,0
DA:180,0
DA:182,0
DA:184,0
DA:186,0
DA:187,0
DA:188,0
DA:190,0
DA:191,0
DA:192,0
LF:80
LH:0
end_of_record
SF:lib\core\widgets\charts\sparkline_chart.dart
DA:9,0
DA:16,0
DA:18,0
DA:20,0
DA:21,0
DA:24,0
DA:26,0
DA:27,0
DA:28,0
DA:29,0
DA:30,0
DA:31,0
DA:33,0
DA:36,0
DA:37,0
DA:38,0
DA:40,0
DA:41,0
DA:43,0
DA:47,0
DA:50,0
DA:52,0
LF:22
LH:0
end_of_record
SF:lib\core\widgets\charts\fluid_cups_widget.dart
DA:16,0
DA:24,0
DA:25,0
DA:32,0
DA:34,0
DA:35,0
DA:38,0
DA:39,0
DA:41,0
DA:42,0
DA:43,0
DA:46,0
DA:47,0
DA:48,0
DA:49,0
DA:50,0
DA:52,0
DA:53,0
DA:56,0
DA:57,0
DA:62,0
DA:64,0
DA:65,0
DA:66,0
DA:67,0
DA:69,0
DA:71,0
DA:73,0
DA:74,0
DA:75,0
DA:76,0
DA:82,0
DA:84,0
DA:85,0
DA:87,0
DA:88,0
DA:89,0
DA:90,0
DA:93,0
DA:95,0
DA:97,0
DA:99,0
DA:101,0
DA:104,0
DA:107,0
DA:112,0
DA:116,0
DA:117,0
DA:118,0
DA:119,0
DA:120,0
DA:121,0
DA:131,0
DA:133,0
DA:135,0
DA:136,0
DA:138,0
DA:139,0
DA:141,0
DA:142,0
DA:145,0
DA:150,0
DA:165,0
DA:172,0
DA:173,0
DA:179,0
DA:181,0
DA:182,0
DA:185,0
DA:188,0
DA:190,0
DA:191,0
DA:194,0
DA:196,0
DA:197,0
DA:198,0
DA:200,0
DA:201,0
DA:204,0
DA:206,0
DA:207,0
DA:208,0
DA:212,0
DA:213,0
DA:214,0
DA:216,0
DA:217,0
DA:218,0
DA:219,0
DA:220,0
DA:221,0
DA:222,0
DA:224,0
DA:226,0
DA:230,0
DA:232,0
DA:246,0
DA:251,0
DA:253,0
DA:255,0
DA:257,0
DA:258,0
DA:260,0
DA:261,0
DA:262,0
DA:265,0
DA:266,0
DA:267,0
DA:269,0
DA:272,0
DA:273,0
DA:274,0
DA:278,0
DA:279,0
DA:281,0
DA:283,0
DA:286,0
DA:287,0
DA:288,0
DA:290,0
DA:291,0
DA:293,0
DA:294,0
DA:297,0
DA:299,0
LF:125
LH:0
end_of_record
SF:lib\core\widgets\charts\fluid_ring_chart.dart
DA:14,0
DA:22,0
DA:24,0
DA:25,0
DA:26,0
DA:30,0
DA:32,0
DA:33,0
DA:34,0
DA:36,0
DA:37,0
DA:38,0
DA:39,0
DA:40,0
DA:45,0
DA:46,0
DA:47,0
DA:48,0
DA:49,0
DA:50,0
DA:52,0
DA:54,0
DA:55,0
DA:56,0
DA:57,0
DA:59,0
DA:61,0
DA:64,0
DA:65,0
DA:70,0
DA:71,0
DA:72,0
LF:32
LH:0
end_of_record
SF:lib\core\widgets\feedback\loading_skeleton.dart
DA:10,1
DA:17,0
DA:19,0
DA:22,0
DA:23,0
DA:24,0
DA:25,0
DA:27,0
DA:35,1
DA:37,0
DA:39,0
DA:41,0
DA:42,0
DA:45,0
DA:55,0
DA:64,0
DA:66,0
LF:17
LH:2
end_of_record
SF:lib\core\widgets\feedback\success_animation.dart
DA:7,0
DA:9,0
DA:11,0
DA:12,0
DA:15,0
DA:16,0
LF:6
LH:0
end_of_record
SF:lib\core\widgets\indicators\status_badge.dart
DA:10,3
DA:16,0
DA:17,0
DA:18,0
DA:19,0
DA:20,0
DA:24,0
DA:25,0
DA:26,0
DA:27,0
DA:28,0
DA:32,0
DA:34,0
DA:35,0
DA:36,0
DA:37,0
DA:39,0
DA:40,0
DA:41,0
DA:43,0
DA:44,0
DA:45,0
DA:47,0
LF:23
LH:1
end_of_record
SF:lib\core\widgets\indicators\threshold_bar.dart
DA:12,0
DA:21,0
DA:23,0
DA:24,0
DA:25,0
DA:26,0
DA:28,0
DA:29,0
DA:30,0
DA:33,0
DA:35,0
DA:37,0
DA:38,0
DA:40,0
DA:41,0
DA:42,0
DA:45,0
DA:46,0
DA:50,0
DA:51,0
DA:52,0
DA:55,0
DA:57,0
DA:65,0
DA:67,0
DA:68,0
DA:69,0
LF:27
LH:0
end_of_record
SF:lib\core\widgets\inputs\app_text_field.dart
DA:19,1
DA:34,1
DA:36,1
DA:38,1
DA:39,1
DA:40,1
DA:41,2
DA:44,1
DA:45,1
DA:46,1
DA:47,1
DA:48,1
DA:49,1
DA:50,1
DA:51,1
DA:52,1
DA:53,1
DA:54,1
DA:55,1
DA:56,2
DA:59,1
DA:64,1
DA:65,1
DA:68,1
DA:69,1
DA:72,1
DA:73,1
DA:76,1
DA:77,1
LF:29
LH:29
end_of_record
SF:lib\core\widgets\inputs\date_picker_field.dart
DA:12,0
DA:21,0
DA:23,0
DA:24,0
DA:26,0
DA:27,0
DA:28,0
DA:32,0
DA:33,0
DA:35,0
DA:36,0
DA:37,0
DA:39,0
DA:40,0
LF:14
LH:0
end_of_record
SF:lib\core\widgets\inputs\numeric_stepper.dart
DA:15,0
DA:26,0
DA:28,0
DA:30,0
DA:31,0
DA:33,0
DA:35,0
DA:37,0
DA:38,0
DA:40,0
DA:42,0
DA:43,0
DA:44,0
DA:48,0
DA:51,0
DA:52,0
DA:53,0
DA:54,0
DA:57,0
DA:60,0
DA:61,0
LF:21
LH:0
end_of_record
SF:lib\core\widgets\layout\section_header.dart
DA:10,1
DA:17,0
DA:19,0
DA:21,0
DA:23,0
DA:24,0
DA:25,0
DA:26,0
DA:27,0
DA:31,0
DA:32,0
DA:33,0
DA:34,0
DA:35,0
DA:36,0
LF:15
LH:1
end_of_record
SF:lib\features\auth\providers\auth_provider.dart
DA:13,1
DA:19,3
DA:21,5
DA:22,1
DA:24,1
DA:27,1
DA:28,3
DA:30,2
DA:35,0
DA:36,0
DA:37,0
DA:38,0
DA:39,0
DA:41,0
DA:43,0
DA:44,0
DA:46,0
DA:49,0
DA:50,0
DA:54,0
DA:61,0
DA:64,0
DA:70,0
DA:72,0
DA:73,0
DA:78,0
DA:79,0
DA:84,0
DA:86,0
DA:90,0
DA:93,0
DA:94,0
DA:99,0
DA:100,0
DA:101,0
DA:105,4
DA:106,1
LF:37
LH:10
end_of_record
SF:lib\features\admin\providers\admin_provider.dart
DA:4,0
DA:11,0
DA:17,0
DA:23,0
DA:25,0
DA:26,0
DA:29,0
DA:30,0
DA:33,0
DA:36,0
DA:37,0
DA:38,0
DA:39,0
DA:40,0
DA:42,0
DA:45,0
DA:47,0
DA:48,0
DA:53,0
DA:58,0
DA:59,0
DA:60,0
DA:62,0
DA:63,0
DA:66,0
DA:67,0
DA:68,0
DA:69,0
DA:70,0
DA:72,0
DA:73,0
DA:77,0
DA:78,0
LF:33
LH:0
end_of_record
SF:lib\features\onboarding\providers\onboarding_provider.dart
DA:8,0
DA:14,0
DA:16,0
DA:17,0
DA:19,0
DA:20,0
DA:22,0
DA:23,0
DA:24,0
DA:26,0
DA:28,0
DA:30,0
DA:33,0
DA:39,0
DA:40,0
DA:41,0
DA:44,0
DA:45,0
DA:46,0
DA:47,0
LF:20
LH:0
end_of_record
